C:\Users\felip\Documents\Kraken\ProyectoBasesII\ClienteApp\dist\out-tsc\e2e\src\app.po.js
C:\Users\felip\Documents\Kraken\ProyectoBasesII\ClienteApp\dist\out-tsc\e2e\src\app.po.js.map
C:\Users\felip\Documents\Kraken\ProyectoBasesII\ClienteApp\dist\out-tsc\e2e\src\app.e2e-spec.js
C:\Users\felip\Documents\Kraken\ProyectoBasesII\ClienteApp\dist\out-tsc\e2e\src\app.e2e-spec.js.map
C:\Users\felip\Documents\Kraken\ProyectoBasesII\ClienteApp\dist\out-tsc\src\app\material-module.js
C:\Users\felip\Documents\Kraken\ProyectoBasesII\ClienteApp\dist\out-tsc\src\app\material-module.js.map
C:\Users\felip\Documents\Kraken\ProyectoBasesII\ClienteApp\dist\out-tsc\src\app\pais-propiedad\pais-propiedad.model.js
C:\Users\felip\Documents\Kraken\ProyectoBasesII\ClienteApp\dist\out-tsc\src\app\pais-propiedad\pais-propiedad.model.js.map
C:\Users\felip\Documents\Kraken\ProyectoBasesII\ClienteApp\dist\out-tsc\src\app\confirmation-dialog\confirmation-dialog.component.js
C:\Users\felip\Documents\Kraken\ProyectoBasesII\ClienteApp\dist\out-tsc\src\app\confirmation-dialog\confirmation-dialog.component.js.map
C:\Users\felip\Documents\Kraken\ProyectoBasesII\ClienteApp\dist\out-tsc\src\app\pais-propiedad\pais-propiedad.component.js
C:\Users\felip\Documents\Kraken\ProyectoBasesII\ClienteApp\dist\out-tsc\src\app\pais-propiedad\pais-propiedad.component.js.map
C:\Users\felip\Documents\Kraken\ProyectoBasesII\ClienteApp\dist\out-tsc\src\app\app-routing.module.js
C:\Users\felip\Documents\Kraken\ProyectoBasesII\ClienteApp\dist\out-tsc\src\app\app-routing.module.js.map
C:\Users\felip\Documents\Kraken\ProyectoBasesII\ClienteApp\dist\out-tsc\src\app\app.component.js
C:\Users\felip\Documents\Kraken\ProyectoBasesII\ClienteApp\dist\out-tsc\src\app\app.component.js.map
C:\Users\felip\Documents\Kraken\ProyectoBasesII\ClienteApp\dist\out-tsc\src\app\nav-menu\nav-menu.component.js
C:\Users\felip\Documents\Kraken\ProyectoBasesII\ClienteApp\dist\out-tsc\src\app\nav-menu\nav-menu.component.js.map
C:\Users\felip\Documents\Kraken\ProyectoBasesII\ClienteApp\dist\out-tsc\src\app\home\home.component.js
C:\Users\felip\Documents\Kraken\ProyectoBasesII\ClienteApp\dist\out-tsc\src\app\home\home.component.js.map
C:\Users\felip\Documents\Kraken\ProyectoBasesII\ClienteApp\dist\out-tsc\src\app\pais-edit\pais-edit.component.js
C:\Users\felip\Documents\Kraken\ProyectoBasesII\ClienteApp\dist\out-tsc\src\app\pais-edit\pais-edit.component.js.map
C:\Users\felip\Documents\Kraken\ProyectoBasesII\ClienteApp\dist\out-tsc\src\app\propiedad-edit\propiedad-edit.component.js
C:\Users\felip\Documents\Kraken\ProyectoBasesII\ClienteApp\dist\out-tsc\src\app\propiedad-edit\propiedad-edit.component.js.map
C:\Users\felip\Documents\Kraken\ProyectoBasesII\ClienteApp\dist\out-tsc\src\app\propiedad-show\propiedad-show.component.js
C:\Users\felip\Documents\Kraken\ProyectoBasesII\ClienteApp\dist\out-tsc\src\app\propiedad-show\propiedad-show.component.js.map
C:\Users\felip\Documents\Kraken\ProyectoBasesII\ClienteApp\dist\out-tsc\src\app\pais-show\pais-show.component.js
C:\Users\felip\Documents\Kraken\ProyectoBasesII\ClienteApp\dist\out-tsc\src\app\pais-show\pais-show.component.js.map
C:\Users\felip\Documents\Kraken\ProyectoBasesII\ClienteApp\dist\out-tsc\src\app\propiedad-tipo\propiedad-tipo.model.js
C:\Users\felip\Documents\Kraken\ProyectoBasesII\ClienteApp\dist\out-tsc\src\app\propiedad-tipo\propiedad-tipo.model.js.map
C:\Users\felip\Documents\Kraken\ProyectoBasesII\ClienteApp\dist\out-tsc\src\app\propiedad-tipo\propiedad-tipo.component.js
C:\Users\felip\Documents\Kraken\ProyectoBasesII\ClienteApp\dist\out-tsc\src\app\propiedad-tipo\propiedad-tipo.component.js.map
C:\Users\felip\Documents\Kraken\ProyectoBasesII\ClienteApp\dist\out-tsc\src\app\totales-anno-pais\totales-anno-pais.model.js
C:\Users\felip\Documents\Kraken\ProyectoBasesII\ClienteApp\dist\out-tsc\src\app\totales-anno-pais\totales-anno-pais.model.js.map
C:\Users\felip\Documents\Kraken\ProyectoBasesII\ClienteApp\dist\out-tsc\src\app\totales-anno-pais\totales-anno-pais.component.js
C:\Users\felip\Documents\Kraken\ProyectoBasesII\ClienteApp\dist\out-tsc\src\app\totales-anno-pais\totales-anno-pais.component.js.map
C:\Users\felip\Documents\Kraken\ProyectoBasesII\ClienteApp\dist\out-tsc\src\app\app.module.js
C:\Users\felip\Documents\Kraken\ProyectoBasesII\ClienteApp\dist\out-tsc\src\app\app.module.js.map
C:\Users\felip\Documents\Kraken\ProyectoBasesII\ClienteApp\dist\out-tsc\src\environments\environment.js
C:\Users\felip\Documents\Kraken\ProyectoBasesII\ClienteApp\dist\out-tsc\src\environments\environment.js.map
C:\Users\felip\Documents\Kraken\ProyectoBasesII\ClienteApp\dist\out-tsc\src\main.js
C:\Users\felip\Documents\Kraken\ProyectoBasesII\ClienteApp\dist\out-tsc\src\main.js.map
C:\Users\felip\Documents\Kraken\ProyectoBasesII\ClienteApp\dist\out-tsc\src\polyfills.js
C:\Users\felip\Documents\Kraken\ProyectoBasesII\ClienteApp\dist\out-tsc\src\polyfills.js.map
C:\Users\felip\Documents\Kraken\ProyectoBasesII\ClienteApp\dist\out-tsc\src\test.js
C:\Users\felip\Documents\Kraken\ProyectoBasesII\ClienteApp\dist\out-tsc\src\test.js.map
C:\Users\felip\Documents\Kraken\ProyectoBasesII\ClienteApp\dist\out-tsc\src\app\api.service.js
C:\Users\felip\Documents\Kraken\ProyectoBasesII\ClienteApp\dist\out-tsc\src\app\api.service.js.map
C:\Users\felip\Documents\Kraken\ProyectoBasesII\ClienteApp\dist\out-tsc\src\app\api.service.spec.js
C:\Users\felip\Documents\Kraken\ProyectoBasesII\ClienteApp\dist\out-tsc\src\app\api.service.spec.js.map
C:\Users\felip\Documents\Kraken\ProyectoBasesII\ClienteApp\dist\out-tsc\src\app\app.component.spec.js
C:\Users\felip\Documents\Kraken\ProyectoBasesII\ClienteApp\dist\out-tsc\src\app\app.component.spec.js.map
C:\Users\felip\Documents\Kraken\ProyectoBasesII\ClienteApp\dist\out-tsc\src\app\confirmation-dialog\confirmation-dialog.component.spec.js
C:\Users\felip\Documents\Kraken\ProyectoBasesII\ClienteApp\dist\out-tsc\src\app\confirmation-dialog\confirmation-dialog.component.spec.js.map
C:\Users\felip\Documents\Kraken\ProyectoBasesII\ClienteApp\dist\out-tsc\src\app\home\home.component.spec.js
C:\Users\felip\Documents\Kraken\ProyectoBasesII\ClienteApp\dist\out-tsc\src\app\home\home.component.spec.js.map
C:\Users\felip\Documents\Kraken\ProyectoBasesII\ClienteApp\dist\out-tsc\src\app\nav-menu\nav-menu.component.spec.js
C:\Users\felip\Documents\Kraken\ProyectoBasesII\ClienteApp\dist\out-tsc\src\app\nav-menu\nav-menu.component.spec.js.map
C:\Users\felip\Documents\Kraken\ProyectoBasesII\ClienteApp\dist\out-tsc\src\app\pais-edit\pais-edit.component.spec.js
C:\Users\felip\Documents\Kraken\ProyectoBasesII\ClienteApp\dist\out-tsc\src\app\pais-edit\pais-edit.component.spec.js.map
C:\Users\felip\Documents\Kraken\ProyectoBasesII\ClienteApp\dist\out-tsc\src\app\pais-propiedad\pais-propiedad.component.spec.js
C:\Users\felip\Documents\Kraken\ProyectoBasesII\ClienteApp\dist\out-tsc\src\app\pais-propiedad\pais-propiedad.component.spec.js.map
C:\Users\felip\Documents\Kraken\ProyectoBasesII\ClienteApp\dist\out-tsc\src\app\pais-show\pais-show.component.spec.js
C:\Users\felip\Documents\Kraken\ProyectoBasesII\ClienteApp\dist\out-tsc\src\app\pais-show\pais-show.component.spec.js.map
C:\Users\felip\Documents\Kraken\ProyectoBasesII\ClienteApp\dist\out-tsc\src\app\propiedad-edit\propiedad-edit.component.spec.js
C:\Users\felip\Documents\Kraken\ProyectoBasesII\ClienteApp\dist\out-tsc\src\app\propiedad-edit\propiedad-edit.component.spec.js.map
C:\Users\felip\Documents\Kraken\ProyectoBasesII\ClienteApp\dist\out-tsc\src\app\propiedad-show\propiedad-show.component.spec.js
C:\Users\felip\Documents\Kraken\ProyectoBasesII\ClienteApp\dist\out-tsc\src\app\propiedad-show\propiedad-show.component.spec.js.map
C:\Users\felip\Documents\Kraken\ProyectoBasesII\ClienteApp\dist\out-tsc\src\app\propiedad-tipo\propiedad-tipo.component.spec.js
C:\Users\felip\Documents\Kraken\ProyectoBasesII\ClienteApp\dist\out-tsc\src\app\propiedad-tipo\propiedad-tipo.component.spec.js.map
C:\Users\felip\Documents\Kraken\ProyectoBasesII\ClienteApp\dist\out-tsc\src\app\totales-anno-pais\totales-anno-pais.component.spec.js
C:\Users\felip\Documents\Kraken\ProyectoBasesII\ClienteApp\dist\out-tsc\src\app\totales-anno-pais\totales-anno-pais.component.spec.js.map
C:\Users\felip\Documents\Kraken\ProyectoBasesII\ClienteApp\dist\out-tsc\src\environments\environment.prod.js
C:\Users\felip\Documents\Kraken\ProyectoBasesII\ClienteApp\dist\out-tsc\src\environments\environment.prod.js.map
